<?xml version="1.0" encoding="UTF-8"?>
<testsuite xmlns:xsi="http://www.w3.org/2001/XMLSchema-instance" xsi:noNamespaceSchemaLocation="https://maven.apache.org/surefire/maven-surefire-plugin/xsd/surefire-test-report-3.0.xsd" version="3.0" name="com.caloriecounter.controller.UserControllerTest" time="3.342" tests="11" errors="0" skipped="0" failures="0">
  <properties>
    <property name="java.specification.version" value="21"/>
    <property name="sun.jnu.encoding" value="UTF-8"/>
    <property name="java.class.path" value="/Users/paras.kumar/Documents/AI agent/target/test-classes:/Users/paras.kumar/Documents/AI agent/target/classes:/Users/paras.kumar/.m2/repository/org/springframework/boot/spring-boot-starter-web/3.2.0/spring-boot-starter-web-3.2.0.jar:/Users/paras.kumar/.m2/repository/org/springframework/boot/spring-boot-starter/3.2.0/spring-boot-starter-3.2.0.jar:/Users/paras.kumar/.m2/repository/org/springframework/boot/spring-boot/3.2.0/spring-boot-3.2.0.jar:/Users/paras.kumar/.m2/repository/org/springframework/boot/spring-boot-autoconfigure/3.2.0/spring-boot-autoconfigure-3.2.0.jar:/Users/paras.kumar/.m2/repository/org/springframework/boot/spring-boot-starter-logging/3.2.0/spring-boot-starter-logging-3.2.0.jar:/Users/paras.kumar/.m2/repository/ch/qos/logback/logback-classic/1.4.11/logback-classic-1.4.11.jar:/Users/paras.kumar/.m2/repository/ch/qos/logback/logback-core/1.4.11/logback-core-1.4.11.jar:/Users/paras.kumar/.m2/repository/org/apache/logging/log4j/log4j-to-slf4j/2.21.1/log4j-to-slf4j-2.21.1.jar:/Users/paras.kumar/.m2/repository/org/apache/logging/log4j/log4j-api/2.21.1/log4j-api-2.21.1.jar:/Users/paras.kumar/.m2/repository/org/slf4j/jul-to-slf4j/2.0.9/jul-to-slf4j-2.0.9.jar:/Users/paras.kumar/.m2/repository/jakarta/annotation/jakarta.annotation-api/2.1.1/jakarta.annotation-api-2.1.1.jar:/Users/paras.kumar/.m2/repository/org/yaml/snakeyaml/2.2/snakeyaml-2.2.jar:/Users/paras.kumar/.m2/repository/org/springframework/boot/spring-boot-starter-json/3.2.0/spring-boot-starter-json-3.2.0.jar:/Users/paras.kumar/.m2/repository/com/fasterxml/jackson/datatype/jackson-datatype-jdk8/2.15.3/jackson-datatype-jdk8-2.15.3.jar:/Users/paras.kumar/.m2/repository/com/fasterxml/jackson/datatype/jackson-datatype-jsr310/2.15.3/jackson-datatype-jsr310-2.15.3.jar:/Users/paras.kumar/.m2/repository/com/fasterxml/jackson/module/jackson-module-parameter-names/2.15.3/jackson-module-parameter-names-2.15.3.jar:/Users/paras.kumar/.m2/repository/org/springframework/boot/spring-boot-starter-tomcat/3.2.0/spring-boot-starter-tomcat-3.2.0.jar:/Users/paras.kumar/.m2/repository/org/apache/tomcat/embed/tomcat-embed-core/10.1.16/tomcat-embed-core-10.1.16.jar:/Users/paras.kumar/.m2/repository/org/apache/tomcat/embed/tomcat-embed-websocket/10.1.16/tomcat-embed-websocket-10.1.16.jar:/Users/paras.kumar/.m2/repository/org/springframework/spring-web/6.1.1/spring-web-6.1.1.jar:/Users/paras.kumar/.m2/repository/org/springframework/spring-beans/6.1.1/spring-beans-6.1.1.jar:/Users/paras.kumar/.m2/repository/io/micrometer/micrometer-observation/1.12.0/micrometer-observation-1.12.0.jar:/Users/paras.kumar/.m2/repository/io/micrometer/micrometer-commons/1.12.0/micrometer-commons-1.12.0.jar:/Users/paras.kumar/.m2/repository/org/springframework/spring-webmvc/6.1.1/spring-webmvc-6.1.1.jar:/Users/paras.kumar/.m2/repository/org/springframework/spring-aop/6.1.1/spring-aop-6.1.1.jar:/Users/paras.kumar/.m2/repository/org/springframework/spring-context/6.1.1/spring-context-6.1.1.jar:/Users/paras.kumar/.m2/repository/org/springframework/spring-expression/6.1.1/spring-expression-6.1.1.jar:/Users/paras.kumar/.m2/repository/org/springframework/boot/spring-boot-starter-validation/3.2.0/spring-boot-starter-validation-3.2.0.jar:/Users/paras.kumar/.m2/repository/org/apache/tomcat/embed/tomcat-embed-el/10.1.16/tomcat-embed-el-10.1.16.jar:/Users/paras.kumar/.m2/repository/org/hibernate/validator/hibernate-validator/8.0.1.Final/hibernate-validator-8.0.1.Final.jar:/Users/paras.kumar/.m2/repository/jakarta/validation/jakarta.validation-api/3.0.2/jakarta.validation-api-3.0.2.jar:/Users/paras.kumar/.m2/repository/org/jboss/logging/jboss-logging/3.5.3.Final/jboss-logging-3.5.3.Final.jar:/Users/paras.kumar/.m2/repository/com/fasterxml/classmate/1.6.0/classmate-1.6.0.jar:/Users/paras.kumar/.m2/repository/org/springframework/boot/spring-boot-starter-thymeleaf/3.2.0/spring-boot-starter-thymeleaf-3.2.0.jar:/Users/paras.kumar/.m2/repository/org/thymeleaf/thymeleaf-spring6/3.1.2.RELEASE/thymeleaf-spring6-3.1.2.RELEASE.jar:/Users/paras.kumar/.m2/repository/org/thymeleaf/thymeleaf/3.1.2.RELEASE/thymeleaf-3.1.2.RELEASE.jar:/Users/paras.kumar/.m2/repository/org/attoparser/attoparser/2.0.7.RELEASE/attoparser-2.0.7.RELEASE.jar:/Users/paras.kumar/.m2/repository/org/unbescape/unbescape/1.1.6.RELEASE/unbescape-1.1.6.RELEASE.jar:/Users/paras.kumar/.m2/repository/org/slf4j/slf4j-api/2.0.9/slf4j-api-2.0.9.jar:/Users/paras.kumar/.m2/repository/com/fasterxml/jackson/core/jackson-databind/2.15.3/jackson-databind-2.15.3.jar:/Users/paras.kumar/.m2/repository/com/fasterxml/jackson/core/jackson-annotations/2.15.3/jackson-annotations-2.15.3.jar:/Users/paras.kumar/.m2/repository/com/fasterxml/jackson/core/jackson-core/2.15.3/jackson-core-2.15.3.jar:/Users/paras.kumar/.m2/repository/org/springframework/boot/spring-boot-starter-webflux/3.2.0/spring-boot-starter-webflux-3.2.0.jar:/Users/paras.kumar/.m2/repository/org/springframework/boot/spring-boot-starter-reactor-netty/3.2.0/spring-boot-starter-reactor-netty-3.2.0.jar:/Users/paras.kumar/.m2/repository/io/projectreactor/netty/reactor-netty-http/1.1.13/reactor-netty-http-1.1.13.jar:/Users/paras.kumar/.m2/repository/io/netty/netty-codec-http/4.1.101.Final/netty-codec-http-4.1.101.Final.jar:/Users/paras.kumar/.m2/repository/io/netty/netty-common/4.1.101.Final/netty-common-4.1.101.Final.jar:/Users/paras.kumar/.m2/repository/io/netty/netty-buffer/4.1.101.Final/netty-buffer-4.1.101.Final.jar:/Users/paras.kumar/.m2/repository/io/netty/netty-transport/4.1.101.Final/netty-transport-4.1.101.Final.jar:/Users/paras.kumar/.m2/repository/io/netty/netty-codec/4.1.101.Final/netty-codec-4.1.101.Final.jar:/Users/paras.kumar/.m2/repository/io/netty/netty-handler/4.1.101.Final/netty-handler-4.1.101.Final.jar:/Users/paras.kumar/.m2/repository/io/netty/netty-codec-http2/4.1.101.Final/netty-codec-http2-4.1.101.Final.jar:/Users/paras.kumar/.m2/repository/io/netty/netty-resolver-dns/4.1.101.Final/netty-resolver-dns-4.1.101.Final.jar:/Users/paras.kumar/.m2/repository/io/netty/netty-resolver/4.1.101.Final/netty-resolver-4.1.101.Final.jar:/Users/paras.kumar/.m2/repository/io/netty/netty-codec-dns/4.1.101.Final/netty-codec-dns-4.1.101.Final.jar:/Users/paras.kumar/.m2/repository/io/netty/netty-resolver-dns-native-macos/4.1.101.Final/netty-resolver-dns-native-macos-4.1.101.Final-osx-x86_64.jar:/Users/paras.kumar/.m2/repository/io/netty/netty-resolver-dns-classes-macos/4.1.101.Final/netty-resolver-dns-classes-macos-4.1.101.Final.jar:/Users/paras.kumar/.m2/repository/io/netty/netty-transport-native-epoll/4.1.101.Final/netty-transport-native-epoll-4.1.101.Final-linux-x86_64.jar:/Users/paras.kumar/.m2/repository/io/netty/netty-transport-native-unix-common/4.1.101.Final/netty-transport-native-unix-common-4.1.101.Final.jar:/Users/paras.kumar/.m2/repository/io/netty/netty-transport-classes-epoll/4.1.101.Final/netty-transport-classes-epoll-4.1.101.Final.jar:/Users/paras.kumar/.m2/repository/io/projectreactor/netty/reactor-netty-core/1.1.13/reactor-netty-core-1.1.13.jar:/Users/paras.kumar/.m2/repository/io/netty/netty-handler-proxy/4.1.101.Final/netty-handler-proxy-4.1.101.Final.jar:/Users/paras.kumar/.m2/repository/io/netty/netty-codec-socks/4.1.101.Final/netty-codec-socks-4.1.101.Final.jar:/Users/paras.kumar/.m2/repository/org/springframework/spring-webflux/6.1.1/spring-webflux-6.1.1.jar:/Users/paras.kumar/.m2/repository/io/projectreactor/reactor-core/3.6.0/reactor-core-3.6.0.jar:/Users/paras.kumar/.m2/repository/org/reactivestreams/reactive-streams/1.0.4/reactive-streams-1.0.4.jar:/Users/paras.kumar/.m2/repository/org/springframework/session/spring-session-core/3.2.0/spring-session-core-3.2.0.jar:/Users/paras.kumar/.m2/repository/org/springframework/spring-jcl/6.1.1/spring-jcl-6.1.1.jar:/Users/paras.kumar/.m2/repository/org/springframework/boot/spring-boot-starter-test/3.2.0/spring-boot-starter-test-3.2.0.jar:/Users/paras.kumar/.m2/repository/org/springframework/boot/spring-boot-test/3.2.0/spring-boot-test-3.2.0.jar:/Users/paras.kumar/.m2/repository/org/springframework/boot/spring-boot-test-autoconfigure/3.2.0/spring-boot-test-autoconfigure-3.2.0.jar:/Users/paras.kumar/.m2/repository/com/jayway/jsonpath/json-path/2.8.0/json-path-2.8.0.jar:/Users/paras.kumar/.m2/repository/jakarta/xml/bind/jakarta.xml.bind-api/4.0.1/jakarta.xml.bind-api-4.0.1.jar:/Users/paras.kumar/.m2/repository/jakarta/activation/jakarta.activation-api/2.1.2/jakarta.activation-api-2.1.2.jar:/Users/paras.kumar/.m2/repository/net/minidev/json-smart/2.5.0/json-smart-2.5.0.jar:/Users/paras.kumar/.m2/repository/net/minidev/accessors-smart/2.5.0/accessors-smart-2.5.0.jar:/Users/paras.kumar/.m2/repository/org/ow2/asm/asm/9.3/asm-9.3.jar:/Users/paras.kumar/.m2/repository/org/assertj/assertj-core/3.24.2/assertj-core-3.24.2.jar:/Users/paras.kumar/.m2/repository/net/bytebuddy/byte-buddy/1.14.10/byte-buddy-1.14.10.jar:/Users/paras.kumar/.m2/repository/org/awaitility/awaitility/4.2.0/awaitility-4.2.0.jar:/Users/paras.kumar/.m2/repository/org/hamcrest/hamcrest/2.2/hamcrest-2.2.jar:/Users/paras.kumar/.m2/repository/org/junit/jupiter/junit-jupiter/5.10.1/junit-jupiter-5.10.1.jar:/Users/paras.kumar/.m2/repository/org/junit/jupiter/junit-jupiter-api/5.10.1/junit-jupiter-api-5.10.1.jar:/Users/paras.kumar/.m2/repository/org/opentest4j/opentest4j/1.3.0/opentest4j-1.3.0.jar:/Users/paras.kumar/.m2/repository/org/junit/platform/junit-platform-commons/1.10.1/junit-platform-commons-1.10.1.jar:/Users/paras.kumar/.m2/repository/org/apiguardian/apiguardian-api/1.1.2/apiguardian-api-1.1.2.jar:/Users/paras.kumar/.m2/repository/org/junit/jupiter/junit-jupiter-params/5.10.1/junit-jupiter-params-5.10.1.jar:/Users/paras.kumar/.m2/repository/org/junit/jupiter/junit-jupiter-engine/5.10.1/junit-jupiter-engine-5.10.1.jar:/Users/paras.kumar/.m2/repository/org/junit/platform/junit-platform-engine/1.10.1/junit-platform-engine-1.10.1.jar:/Users/paras.kumar/.m2/repository/org/mockito/mockito-core/5.7.0/mockito-core-5.7.0.jar:/Users/paras.kumar/.m2/repository/net/bytebuddy/byte-buddy-agent/1.14.10/byte-buddy-agent-1.14.10.jar:/Users/paras.kumar/.m2/repository/org/objenesis/objenesis/3.3/objenesis-3.3.jar:/Users/paras.kumar/.m2/repository/org/mockito/mockito-junit-jupiter/5.7.0/mockito-junit-jupiter-5.7.0.jar:/Users/paras.kumar/.m2/repository/org/skyscreamer/jsonassert/1.5.1/jsonassert-1.5.1.jar:/Users/paras.kumar/.m2/repository/com/vaadin/external/google/android-json/0.0.20131108.vaadin1/android-json-0.0.20131108.vaadin1.jar:/Users/paras.kumar/.m2/repository/org/springframework/spring-core/6.1.1/spring-core-6.1.1.jar:/Users/paras.kumar/.m2/repository/org/springframework/spring-test/6.1.1/spring-test-6.1.1.jar:/Users/paras.kumar/.m2/repository/org/xmlunit/xmlunit-core/2.9.1/xmlunit-core-2.9.1.jar:"/>
    <property name="java.vm.vendor" value="Oracle Corporation"/>
    <property name="sun.arch.data.model" value="64"/>
    <property name="java.vendor.url" value="https://java.oracle.com/"/>
    <property name="user.timezone" value="Asia/Kolkata"/>
    <property name="org.jboss.logging.provider" value="slf4j"/>
    <property name="os.name" value="Mac OS X"/>
    <property name="java.vm.specification.version" value="21"/>
    <property name="sun.java.launcher" value="SUN_STANDARD"/>
    <property name="user.country" value="IN"/>
    <property name="sun.boot.library.path" value="/Users/paras.kumar/Library/Java/JavaVirtualMachines/graalvm-jdk-21.0.6/Contents/Home/lib"/>
    <property name="sun.java.command" value="/Users/paras.kumar/Documents/AI agent/target/surefire/surefirebooter-20250915180413363_3.jar /Users/paras.kumar/Documents/AI agent/target/surefire 2025-09-15T18-04-13_270-jvmRun1 surefire-20250915180413363_1tmp surefire_0-20250915180413363_2tmp"/>
    <property name="http.nonProxyHosts" value="local|*.local|169.254/16|*.169.254/16"/>
    <property name="jdk.debug" value="release"/>
    <property name="surefire.test.class.path" value="/Users/paras.kumar/Documents/AI agent/target/test-classes:/Users/paras.kumar/Documents/AI agent/target/classes:/Users/paras.kumar/.m2/repository/org/springframework/boot/spring-boot-starter-web/3.2.0/spring-boot-starter-web-3.2.0.jar:/Users/paras.kumar/.m2/repository/org/springframework/boot/spring-boot-starter/3.2.0/spring-boot-starter-3.2.0.jar:/Users/paras.kumar/.m2/repository/org/springframework/boot/spring-boot/3.2.0/spring-boot-3.2.0.jar:/Users/paras.kumar/.m2/repository/org/springframework/boot/spring-boot-autoconfigure/3.2.0/spring-boot-autoconfigure-3.2.0.jar:/Users/paras.kumar/.m2/repository/org/springframework/boot/spring-boot-starter-logging/3.2.0/spring-boot-starter-logging-3.2.0.jar:/Users/paras.kumar/.m2/repository/ch/qos/logback/logback-classic/1.4.11/logback-classic-1.4.11.jar:/Users/paras.kumar/.m2/repository/ch/qos/logback/logback-core/1.4.11/logback-core-1.4.11.jar:/Users/paras.kumar/.m2/repository/org/apache/logging/log4j/log4j-to-slf4j/2.21.1/log4j-to-slf4j-2.21.1.jar:/Users/paras.kumar/.m2/repository/org/apache/logging/log4j/log4j-api/2.21.1/log4j-api-2.21.1.jar:/Users/paras.kumar/.m2/repository/org/slf4j/jul-to-slf4j/2.0.9/jul-to-slf4j-2.0.9.jar:/Users/paras.kumar/.m2/repository/jakarta/annotation/jakarta.annotation-api/2.1.1/jakarta.annotation-api-2.1.1.jar:/Users/paras.kumar/.m2/repository/org/yaml/snakeyaml/2.2/snakeyaml-2.2.jar:/Users/paras.kumar/.m2/repository/org/springframework/boot/spring-boot-starter-json/3.2.0/spring-boot-starter-json-3.2.0.jar:/Users/paras.kumar/.m2/repository/com/fasterxml/jackson/datatype/jackson-datatype-jdk8/2.15.3/jackson-datatype-jdk8-2.15.3.jar:/Users/paras.kumar/.m2/repository/com/fasterxml/jackson/datatype/jackson-datatype-jsr310/2.15.3/jackson-datatype-jsr310-2.15.3.jar:/Users/paras.kumar/.m2/repository/com/fasterxml/jackson/module/jackson-module-parameter-names/2.15.3/jackson-module-parameter-names-2.15.3.jar:/Users/paras.kumar/.m2/repository/org/springframework/boot/spring-boot-starter-tomcat/3.2.0/spring-boot-starter-tomcat-3.2.0.jar:/Users/paras.kumar/.m2/repository/org/apache/tomcat/embed/tomcat-embed-core/10.1.16/tomcat-embed-core-10.1.16.jar:/Users/paras.kumar/.m2/repository/org/apache/tomcat/embed/tomcat-embed-websocket/10.1.16/tomcat-embed-websocket-10.1.16.jar:/Users/paras.kumar/.m2/repository/org/springframework/spring-web/6.1.1/spring-web-6.1.1.jar:/Users/paras.kumar/.m2/repository/org/springframework/spring-beans/6.1.1/spring-beans-6.1.1.jar:/Users/paras.kumar/.m2/repository/io/micrometer/micrometer-observation/1.12.0/micrometer-observation-1.12.0.jar:/Users/paras.kumar/.m2/repository/io/micrometer/micrometer-commons/1.12.0/micrometer-commons-1.12.0.jar:/Users/paras.kumar/.m2/repository/org/springframework/spring-webmvc/6.1.1/spring-webmvc-6.1.1.jar:/Users/paras.kumar/.m2/repository/org/springframework/spring-aop/6.1.1/spring-aop-6.1.1.jar:/Users/paras.kumar/.m2/repository/org/springframework/spring-context/6.1.1/spring-context-6.1.1.jar:/Users/paras.kumar/.m2/repository/org/springframework/spring-expression/6.1.1/spring-expression-6.1.1.jar:/Users/paras.kumar/.m2/repository/org/springframework/boot/spring-boot-starter-validation/3.2.0/spring-boot-starter-validation-3.2.0.jar:/Users/paras.kumar/.m2/repository/org/apache/tomcat/embed/tomcat-embed-el/10.1.16/tomcat-embed-el-10.1.16.jar:/Users/paras.kumar/.m2/repository/org/hibernate/validator/hibernate-validator/8.0.1.Final/hibernate-validator-8.0.1.Final.jar:/Users/paras.kumar/.m2/repository/jakarta/validation/jakarta.validation-api/3.0.2/jakarta.validation-api-3.0.2.jar:/Users/paras.kumar/.m2/repository/org/jboss/logging/jboss-logging/3.5.3.Final/jboss-logging-3.5.3.Final.jar:/Users/paras.kumar/.m2/repository/com/fasterxml/classmate/1.6.0/classmate-1.6.0.jar:/Users/paras.kumar/.m2/repository/org/springframework/boot/spring-boot-starter-thymeleaf/3.2.0/spring-boot-starter-thymeleaf-3.2.0.jar:/Users/paras.kumar/.m2/repository/org/thymeleaf/thymeleaf-spring6/3.1.2.RELEASE/thymeleaf-spring6-3.1.2.RELEASE.jar:/Users/paras.kumar/.m2/repository/org/thymeleaf/thymeleaf/3.1.2.RELEASE/thymeleaf-3.1.2.RELEASE.jar:/Users/paras.kumar/.m2/repository/org/attoparser/attoparser/2.0.7.RELEASE/attoparser-2.0.7.RELEASE.jar:/Users/paras.kumar/.m2/repository/org/unbescape/unbescape/1.1.6.RELEASE/unbescape-1.1.6.RELEASE.jar:/Users/paras.kumar/.m2/repository/org/slf4j/slf4j-api/2.0.9/slf4j-api-2.0.9.jar:/Users/paras.kumar/.m2/repository/com/fasterxml/jackson/core/jackson-databind/2.15.3/jackson-databind-2.15.3.jar:/Users/paras.kumar/.m2/repository/com/fasterxml/jackson/core/jackson-annotations/2.15.3/jackson-annotations-2.15.3.jar:/Users/paras.kumar/.m2/repository/com/fasterxml/jackson/core/jackson-core/2.15.3/jackson-core-2.15.3.jar:/Users/paras.kumar/.m2/repository/org/springframework/boot/spring-boot-starter-webflux/3.2.0/spring-boot-starter-webflux-3.2.0.jar:/Users/paras.kumar/.m2/repository/org/springframework/boot/spring-boot-starter-reactor-netty/3.2.0/spring-boot-starter-reactor-netty-3.2.0.jar:/Users/paras.kumar/.m2/repository/io/projectreactor/netty/reactor-netty-http/1.1.13/reactor-netty-http-1.1.13.jar:/Users/paras.kumar/.m2/repository/io/netty/netty-codec-http/4.1.101.Final/netty-codec-http-4.1.101.Final.jar:/Users/paras.kumar/.m2/repository/io/netty/netty-common/4.1.101.Final/netty-common-4.1.101.Final.jar:/Users/paras.kumar/.m2/repository/io/netty/netty-buffer/4.1.101.Final/netty-buffer-4.1.101.Final.jar:/Users/paras.kumar/.m2/repository/io/netty/netty-transport/4.1.101.Final/netty-transport-4.1.101.Final.jar:/Users/paras.kumar/.m2/repository/io/netty/netty-codec/4.1.101.Final/netty-codec-4.1.101.Final.jar:/Users/paras.kumar/.m2/repository/io/netty/netty-handler/4.1.101.Final/netty-handler-4.1.101.Final.jar:/Users/paras.kumar/.m2/repository/io/netty/netty-codec-http2/4.1.101.Final/netty-codec-http2-4.1.101.Final.jar:/Users/paras.kumar/.m2/repository/io/netty/netty-resolver-dns/4.1.101.Final/netty-resolver-dns-4.1.101.Final.jar:/Users/paras.kumar/.m2/repository/io/netty/netty-resolver/4.1.101.Final/netty-resolver-4.1.101.Final.jar:/Users/paras.kumar/.m2/repository/io/netty/netty-codec-dns/4.1.101.Final/netty-codec-dns-4.1.101.Final.jar:/Users/paras.kumar/.m2/repository/io/netty/netty-resolver-dns-native-macos/4.1.101.Final/netty-resolver-dns-native-macos-4.1.101.Final-osx-x86_64.jar:/Users/paras.kumar/.m2/repository/io/netty/netty-resolver-dns-classes-macos/4.1.101.Final/netty-resolver-dns-classes-macos-4.1.101.Final.jar:/Users/paras.kumar/.m2/repository/io/netty/netty-transport-native-epoll/4.1.101.Final/netty-transport-native-epoll-4.1.101.Final-linux-x86_64.jar:/Users/paras.kumar/.m2/repository/io/netty/netty-transport-native-unix-common/4.1.101.Final/netty-transport-native-unix-common-4.1.101.Final.jar:/Users/paras.kumar/.m2/repository/io/netty/netty-transport-classes-epoll/4.1.101.Final/netty-transport-classes-epoll-4.1.101.Final.jar:/Users/paras.kumar/.m2/repository/io/projectreactor/netty/reactor-netty-core/1.1.13/reactor-netty-core-1.1.13.jar:/Users/paras.kumar/.m2/repository/io/netty/netty-handler-proxy/4.1.101.Final/netty-handler-proxy-4.1.101.Final.jar:/Users/paras.kumar/.m2/repository/io/netty/netty-codec-socks/4.1.101.Final/netty-codec-socks-4.1.101.Final.jar:/Users/paras.kumar/.m2/repository/org/springframework/spring-webflux/6.1.1/spring-webflux-6.1.1.jar:/Users/paras.kumar/.m2/repository/io/projectreactor/reactor-core/3.6.0/reactor-core-3.6.0.jar:/Users/paras.kumar/.m2/repository/org/reactivestreams/reactive-streams/1.0.4/reactive-streams-1.0.4.jar:/Users/paras.kumar/.m2/repository/org/springframework/session/spring-session-core/3.2.0/spring-session-core-3.2.0.jar:/Users/paras.kumar/.m2/repository/org/springframework/spring-jcl/6.1.1/spring-jcl-6.1.1.jar:/Users/paras.kumar/.m2/repository/org/springframework/boot/spring-boot-starter-test/3.2.0/spring-boot-starter-test-3.2.0.jar:/Users/paras.kumar/.m2/repository/org/springframework/boot/spring-boot-test/3.2.0/spring-boot-test-3.2.0.jar:/Users/paras.kumar/.m2/repository/org/springframework/boot/spring-boot-test-autoconfigure/3.2.0/spring-boot-test-autoconfigure-3.2.0.jar:/Users/paras.kumar/.m2/repository/com/jayway/jsonpath/json-path/2.8.0/json-path-2.8.0.jar:/Users/paras.kumar/.m2/repository/jakarta/xml/bind/jakarta.xml.bind-api/4.0.1/jakarta.xml.bind-api-4.0.1.jar:/Users/paras.kumar/.m2/repository/jakarta/activation/jakarta.activation-api/2.1.2/jakarta.activation-api-2.1.2.jar:/Users/paras.kumar/.m2/repository/net/minidev/json-smart/2.5.0/json-smart-2.5.0.jar:/Users/paras.kumar/.m2/repository/net/minidev/accessors-smart/2.5.0/accessors-smart-2.5.0.jar:/Users/paras.kumar/.m2/repository/org/ow2/asm/asm/9.3/asm-9.3.jar:/Users/paras.kumar/.m2/repository/org/assertj/assertj-core/3.24.2/assertj-core-3.24.2.jar:/Users/paras.kumar/.m2/repository/net/bytebuddy/byte-buddy/1.14.10/byte-buddy-1.14.10.jar:/Users/paras.kumar/.m2/repository/org/awaitility/awaitility/4.2.0/awaitility-4.2.0.jar:/Users/paras.kumar/.m2/repository/org/hamcrest/hamcrest/2.2/hamcrest-2.2.jar:/Users/paras.kumar/.m2/repository/org/junit/jupiter/junit-jupiter/5.10.1/junit-jupiter-5.10.1.jar:/Users/paras.kumar/.m2/repository/org/junit/jupiter/junit-jupiter-api/5.10.1/junit-jupiter-api-5.10.1.jar:/Users/paras.kumar/.m2/repository/org/opentest4j/opentest4j/1.3.0/opentest4j-1.3.0.jar:/Users/paras.kumar/.m2/repository/org/junit/platform/junit-platform-commons/1.10.1/junit-platform-commons-1.10.1.jar:/Users/paras.kumar/.m2/repository/org/apiguardian/apiguardian-api/1.1.2/apiguardian-api-1.1.2.jar:/Users/paras.kumar/.m2/repository/org/junit/jupiter/junit-jupiter-params/5.10.1/junit-jupiter-params-5.10.1.jar:/Users/paras.kumar/.m2/repository/org/junit/jupiter/junit-jupiter-engine/5.10.1/junit-jupiter-engine-5.10.1.jar:/Users/paras.kumar/.m2/repository/org/junit/platform/junit-platform-engine/1.10.1/junit-platform-engine-1.10.1.jar:/Users/paras.kumar/.m2/repository/org/mockito/mockito-core/5.7.0/mockito-core-5.7.0.jar:/Users/paras.kumar/.m2/repository/net/bytebuddy/byte-buddy-agent/1.14.10/byte-buddy-agent-1.14.10.jar:/Users/paras.kumar/.m2/repository/org/objenesis/objenesis/3.3/objenesis-3.3.jar:/Users/paras.kumar/.m2/repository/org/mockito/mockito-junit-jupiter/5.7.0/mockito-junit-jupiter-5.7.0.jar:/Users/paras.kumar/.m2/repository/org/skyscreamer/jsonassert/1.5.1/jsonassert-1.5.1.jar:/Users/paras.kumar/.m2/repository/com/vaadin/external/google/android-json/0.0.20131108.vaadin1/android-json-0.0.20131108.vaadin1.jar:/Users/paras.kumar/.m2/repository/org/springframework/spring-core/6.1.1/spring-core-6.1.1.jar:/Users/paras.kumar/.m2/repository/org/springframework/spring-test/6.1.1/spring-test-6.1.1.jar:/Users/paras.kumar/.m2/repository/org/xmlunit/xmlunit-core/2.9.1/xmlunit-core-2.9.1.jar:"/>
    <property name="sun.cpu.endian" value="little"/>
    <property name="user.home" value="/Users/paras.kumar"/>
    <property name="user.language" value="en"/>
    <property name="java.specification.vendor" value="Oracle Corporation"/>
    <property name="java.version.date" value="2025-01-21"/>
    <property name="java.home" value="/Users/paras.kumar/Library/Java/JavaVirtualMachines/graalvm-jdk-21.0.6/Contents/Home"/>
    <property name="file.separator" value="/"/>
    <property name="basedir" value="/Users/paras.kumar/Documents/AI agent"/>
    <property name="java.vm.compressedOopsMode" value="Zero based"/>
    <property name="jdk.internal.vm.ci.enabled" value="true"/>
    <property name="line.separator" value="&#10;"/>
    <property name="java.vm.specification.vendor" value="Oracle Corporation"/>
    <property name="java.specification.name" value="Java Platform API Specification"/>
    <property name="FILE_LOG_CHARSET" value="UTF-8"/>
    <property name="java.awt.headless" value="true"/>
    <property name="apple.awt.application.name" value="ForkedBooter"/>
    <property name="surefire.real.class.path" value="/Users/paras.kumar/Documents/AI agent/target/surefire/surefirebooter-20250915180413363_3.jar"/>
    <property name="sun.management.compiler" value="HotSpot 64-Bit Tiered Compilers"/>
    <property name="ftp.nonProxyHosts" value="local|*.local|169.254/16|*.169.254/16"/>
    <property name="java.runtime.version" value="21.0.6+8-LTS-jvmci-23.1-b55"/>
    <property name="user.name" value="paras.kumar"/>
    <property name="stdout.encoding" value="UTF-8"/>
    <property name="path.separator" value=":"/>
    <property name="os.version" value="14.6.1"/>
    <property name="java.runtime.name" value="Java(TM) SE Runtime Environment"/>
    <property name="file.encoding" value="UTF-8"/>
    <property name="java.vm.name" value="Java HotSpot(TM) 64-Bit Server VM"/>
    <property name="java.vendor.version" value="Oracle GraalVM 21.0.6+8.1"/>
    <property name="localRepository" value="/Users/paras.kumar/.m2/repository"/>
    <property name="java.vendor.url.bug" value="https://bugreport.java.com/bugreport/"/>
    <property name="java.io.tmpdir" value="/var/folders/cl/yvghdr4157z2vy454qf0bb3r0000gn/T/"/>
    <property name="idea.version" value="2024.3.5"/>
    <property name="java.version" value="21.0.6"/>
    <property name="user.dir" value="/Users/paras.kumar/Documents/AI agent"/>
    <property name="os.arch" value="x86_64"/>
    <property name="java.vm.specification.name" value="Java Virtual Machine Specification"/>
    <property name="PID" value="51307"/>
    <property name="CONSOLE_LOG_CHARSET" value="UTF-8"/>
    <property name="native.encoding" value="UTF-8"/>
    <property name="java.library.path" value="/Users/paras.kumar/Library/Java/Extensions:/Library/Java/Extensions:/Network/Library/Java/Extensions:/System/Library/Java/Extensions:/usr/lib/java:."/>
    <property name="java.vm.info" value="mixed mode, sharing"/>
    <property name="stderr.encoding" value="UTF-8"/>
    <property name="java.vendor" value="Oracle Corporation"/>
    <property name="java.vm.version" value="21.0.6+8-LTS-jvmci-23.1-b55"/>
    <property name="sun.io.unicode.encoding" value="UnicodeBig"/>
    <property name="socksNonProxyHosts" value="local|*.local|169.254/16|*.169.254/16"/>
    <property name="java.class.version" value="65.0"/>
  </properties>
  <testcase name="testDeleteUser_Success" classname="com.caloriecounter.controller.UserControllerTest" time="0.24">
    <system-out><![CDATA[18:04:14.090 [main] INFO org.springframework.test.context.support.AnnotationConfigContextLoaderUtils -- Could not detect default configuration classes for test class [com.caloriecounter.controller.UserControllerTest]: UserControllerTest does not declare any static, non-private, non-final, nested classes annotated with @Configuration.
18:04:14.252 [main] INFO org.springframework.boot.test.context.SpringBootTestContextBootstrapper -- Found @SpringBootConfiguration com.caloriecounter.CalorieCounterApplication for test class com.caloriecounter.controller.UserControllerTest

  .   ____          _            __ _ _
 /\\ / ___'_ __ _ _(_)_ __  __ _ \ \ \ \
( ( )\___ | '_ | '_| | '_ \/ _` | \ \ \ \
 \\/  ___)| |_)| | | | | || (_| |  ) ) ) )
  '  |____| .__|_| |_|_| |_\__, | / / / /
 =========|_|==============|___/=/_/_/_/
 :: Spring Boot ::                (v3.2.0)

2025-09-15T18:04:14.516+05:30  INFO 51307 --- [           main] c.c.controller.UserControllerTest        : Starting UserControllerTest using Java 21.0.6 with PID 51307 (started by paras.kumar in /Users/paras.kumar/Documents/AI agent)
2025-09-15T18:04:14.517+05:30 DEBUG 51307 --- [           main] c.c.controller.UserControllerTest        : Running with Spring Boot v3.2.0, Spring v6.1.1
2025-09-15T18:04:14.518+05:30  INFO 51307 --- [           main] c.c.controller.UserControllerTest        : No active profile set, falling back to 1 default profile: "default"
2025-09-15T18:04:14.537+05:30 DEBUG 51307 --- [           main] o.s.w.c.s.GenericWebApplicationContext   : Refreshing org.springframework.web.context.support.GenericWebApplicationContext@4ced35ed
2025-09-15T18:04:16.055+05:30  INFO 51307 --- [           main] o.s.b.a.w.s.WelcomePageHandlerMapping    : Adding welcome page template: index
2025-09-15T18:04:16.134+05:30 DEBUG 51307 --- [           main] s.w.s.m.m.a.RequestMappingHandlerMapping : 7 mappings in 'requestMappingHandlerMapping'
2025-09-15T18:04:16.220+05:30 DEBUG 51307 --- [           main] o.s.w.s.handler.SimpleUrlHandlerMapping  : Patterns [/webjars/**, /**] in 'resourceHandlerMapping'
2025-09-15T18:04:16.375+05:30 DEBUG 51307 --- [           main] s.w.s.m.m.a.RequestMappingHandlerAdapter : ControllerAdvice beans: 0 @ModelAttribute, 0 @InitBinder, 1 RequestBodyAdvice, 1 ResponseBodyAdvice
2025-09-15T18:04:16.423+05:30 DEBUG 51307 --- [           main] .m.m.a.ExceptionHandlerExceptionResolver : ControllerAdvice beans: 0 @ExceptionHandler, 1 ResponseBodyAdvice
2025-09-15T18:04:16.511+05:30  INFO 51307 --- [           main] o.s.b.t.m.w.SpringBootMockServletContext : Initializing Spring TestDispatcherServlet ''
2025-09-15T18:04:16.511+05:30  INFO 51307 --- [           main] o.s.t.web.servlet.TestDispatcherServlet  : Initializing Servlet ''
2025-09-15T18:04:16.514+05:30  INFO 51307 --- [           main] o.s.t.web.servlet.TestDispatcherServlet  : Completed initialization in 2 ms
2025-09-15T18:04:16.628+05:30  INFO 51307 --- [           main] c.c.controller.UserControllerTest        : Started UserControllerTest in 2.329 seconds (process running for 3.191)
2025-09-15T18:04:16.703+05:30 DEBUG 51307 --- [           main] s.w.s.m.m.a.RequestMappingHandlerMapping : Mapped to com.caloriecounter.controller.UserController#deleteUser(Long)
2025-09-15T18:04:16.801+05:30 DEBUG 51307 --- [           main] o.s.w.s.m.m.a.HttpEntityMethodProcessor  : Using 'application/json', given [*/*] and supported [application/json, application/*+json]
2025-09-15T18:04:16.804+05:30 DEBUG 51307 --- [           main] o.s.w.s.m.m.a.HttpEntityMethodProcessor  : Writing [com.caloriecounter.controller.UserController$SuccessResponse@7d6c4079]
]]></system-out>
    <system-err><![CDATA[WARNING: A Java agent has been loaded dynamically (/Users/paras.kumar/.m2/repository/net/bytebuddy/byte-buddy-agent/1.14.10/byte-buddy-agent-1.14.10.jar)
WARNING: If a serviceability tool is in use, please run with -XX:+EnableDynamicAgentLoading to hide this warning
WARNING: If a serviceability tool is not in use, please run with -Djdk.instrument.traceUsage for more information
WARNING: Dynamic loading of agents will be disallowed by default in a future release
]]></system-err>
  </testcase>
  <testcase name="testGetUserProfile_NotFound" classname="com.caloriecounter.controller.UserControllerTest" time="0.027">
    <system-out><![CDATA[2025-09-15T18:04:16.899+05:30 DEBUG 51307 --- [           main] s.w.s.m.m.a.RequestMappingHandlerMapping : Mapped to com.caloriecounter.controller.UserController#getUserProfile(Long)
2025-09-15T18:04:16.909+05:30 DEBUG 51307 --- [           main] o.s.w.s.m.m.a.HttpEntityMethodProcessor  : Using 'application/json', given [*/*] and supported [application/json, application/*+json]
2025-09-15T18:04:16.910+05:30 DEBUG 51307 --- [           main] o.s.w.s.m.m.a.HttpEntityMethodProcessor  : Writing [com.caloriecounter.controller.UserController$ErrorResponse@54daf8f9]
]]></system-out>
  </testcase>
  <testcase name="testUpdateUserProfile_Success" classname="com.caloriecounter.controller.UserControllerTest" time="0.229">
    <system-out><![CDATA[2025-09-15T18:04:16.954+05:30 DEBUG 51307 --- [           main] s.w.s.m.m.a.RequestMappingHandlerMapping : Mapped to com.caloriecounter.controller.UserController#updateUserProfile(Long, UserRegistrationDto)
2025-09-15T18:04:17.015+05:30 DEBUG 51307 --- [           main] m.m.a.RequestResponseBodyMethodProcessor : Read "application/json;charset=UTF-8" to [com.caloriecounter.dto.UserRegistrationDto@7c8f047a]
2025-09-15T18:04:17.140+05:30 DEBUG 51307 --- [           main] o.s.w.s.m.m.a.HttpEntityMethodProcessor  : Using 'application/json', given [*/*] and supported [application/json, application/*+json]
2025-09-15T18:04:17.141+05:30 DEBUG 51307 --- [           main] o.s.w.s.m.m.a.HttpEntityMethodProcessor  : Writing [com.caloriecounter.dto.UserProfileDto@2ceb68a1]
]]></system-out>
  </testcase>
  <testcase name="testUpdateUserProfile_NotFound" classname="com.caloriecounter.controller.UserControllerTest" time="0.019">
    <system-out><![CDATA[2025-09-15T18:04:17.161+05:30 DEBUG 51307 --- [           main] s.w.s.m.m.a.RequestMappingHandlerMapping : Mapped to com.caloriecounter.controller.UserController#updateUserProfile(Long, UserRegistrationDto)
2025-09-15T18:04:17.162+05:30 DEBUG 51307 --- [           main] m.m.a.RequestResponseBodyMethodProcessor : Read "application/json;charset=UTF-8" to [com.caloriecounter.dto.UserRegistrationDto@64665781]
2025-09-15T18:04:17.165+05:30 DEBUG 51307 --- [           main] o.s.w.s.m.m.a.HttpEntityMethodProcessor  : Using 'application/json', given [*/*] and supported [application/json, application/*+json]
2025-09-15T18:04:17.165+05:30 DEBUG 51307 --- [           main] o.s.w.s.m.m.a.HttpEntityMethodProcessor  : Writing [com.caloriecounter.controller.UserController$ErrorResponse@11015ca0]
]]></system-out>
  </testcase>
  <testcase name="testRegisterUser_Success" classname="com.caloriecounter.controller.UserControllerTest" time="0.013">
    <system-out><![CDATA[2025-09-15T18:04:17.175+05:30 DEBUG 51307 --- [           main] s.w.s.m.m.a.RequestMappingHandlerMapping : Mapped to com.caloriecounter.controller.UserController#registerUser(UserRegistrationDto)
2025-09-15T18:04:17.176+05:30 DEBUG 51307 --- [           main] m.m.a.RequestResponseBodyMethodProcessor : Read "application/json;charset=UTF-8" to [com.caloriecounter.dto.UserRegistrationDto@3220c28]
2025-09-15T18:04:17.178+05:30 DEBUG 51307 --- [           main] o.s.w.s.m.m.a.HttpEntityMethodProcessor  : Using 'application/json', given [*/*] and supported [application/json, application/*+json]
2025-09-15T18:04:17.179+05:30 DEBUG 51307 --- [           main] o.s.w.s.m.m.a.HttpEntityMethodProcessor  : Writing [com.caloriecounter.dto.UserProfileDto@6ae42248]
]]></system-out>
  </testcase>
  <testcase name="testGetUserByEmail_NotFound" classname="com.caloriecounter.controller.UserControllerTest" time="0.027">
    <system-out><![CDATA[2025-09-15T18:04:17.190+05:30 DEBUG 51307 --- [           main] s.w.s.m.m.a.RequestMappingHandlerMapping : Mapped to com.caloriecounter.controller.UserController#getUserByEmail(String)
2025-09-15T18:04:17.192+05:30 DEBUG 51307 --- [           main] o.s.w.s.m.m.a.HttpEntityMethodProcessor  : Using 'application/json', given [*/*] and supported [application/json, application/*+json]
2025-09-15T18:04:17.192+05:30 DEBUG 51307 --- [           main] o.s.w.s.m.m.a.HttpEntityMethodProcessor  : Writing [com.caloriecounter.controller.UserController$ErrorResponse@13ee97af]
]]></system-out>
  </testcase>
  <testcase name="testDeleteUser_NotFound" classname="com.caloriecounter.controller.UserControllerTest" time="0.009">
    <system-out><![CDATA[2025-09-15T18:04:17.220+05:30 DEBUG 51307 --- [           main] s.w.s.m.m.a.RequestMappingHandlerMapping : Mapped to com.caloriecounter.controller.UserController#deleteUser(Long)
2025-09-15T18:04:17.222+05:30 DEBUG 51307 --- [           main] o.s.w.s.m.m.a.HttpEntityMethodProcessor  : Using 'application/json', given [*/*] and supported [application/json, application/*+json]
2025-09-15T18:04:17.222+05:30 DEBUG 51307 --- [           main] o.s.w.s.m.m.a.HttpEntityMethodProcessor  : Writing [com.caloriecounter.controller.UserController$ErrorResponse@3e4f2300]
]]></system-out>
  </testcase>
  <testcase name="testGetUserByEmail_Success" classname="com.caloriecounter.controller.UserControllerTest" time="0.008">
    <system-out><![CDATA[2025-09-15T18:04:17.231+05:30 DEBUG 51307 --- [           main] s.w.s.m.m.a.RequestMappingHandlerMapping : Mapped to com.caloriecounter.controller.UserController#getUserByEmail(String)
2025-09-15T18:04:17.232+05:30 DEBUG 51307 --- [           main] o.s.w.s.m.m.a.HttpEntityMethodProcessor  : Using 'application/json', given [*/*] and supported [application/json, application/*+json]
2025-09-15T18:04:17.232+05:30 DEBUG 51307 --- [           main] o.s.w.s.m.m.a.HttpEntityMethodProcessor  : Writing [com.caloriecounter.dto.UserProfileDto@6906be0f]
]]></system-out>
  </testcase>
  <testcase name="testGetUserProfile_Success" classname="com.caloriecounter.controller.UserControllerTest" time="0.007">
    <system-out><![CDATA[2025-09-15T18:04:17.241+05:30 DEBUG 51307 --- [           main] s.w.s.m.m.a.RequestMappingHandlerMapping : Mapped to com.caloriecounter.controller.UserController#getUserProfile(Long)
2025-09-15T18:04:17.242+05:30 DEBUG 51307 --- [           main] o.s.w.s.m.m.a.HttpEntityMethodProcessor  : Using 'application/json', given [*/*] and supported [application/json, application/*+json]
2025-09-15T18:04:17.242+05:30 DEBUG 51307 --- [           main] o.s.w.s.m.m.a.HttpEntityMethodProcessor  : Writing [com.caloriecounter.dto.UserProfileDto@e91facf]
]]></system-out>
  </testcase>
  <testcase name="testRegisterUser_ValidationError" classname="com.caloriecounter.controller.UserControllerTest" time="0.023">
    <system-out><![CDATA[2025-09-15T18:04:17.249+05:30 DEBUG 51307 --- [           main] s.w.s.m.m.a.RequestMappingHandlerMapping : Mapped to com.caloriecounter.controller.UserController#registerUser(UserRegistrationDto)
2025-09-15T18:04:17.251+05:30 DEBUG 51307 --- [           main] m.m.a.RequestResponseBodyMethodProcessor : Read "application/json;charset=UTF-8" to [com.caloriecounter.dto.UserRegistrationDto@74830d73]
2025-09-15T18:04:17.265+05:30  WARN 51307 --- [           main] .w.s.m.s.DefaultHandlerExceptionResolver : Resolved [org.springframework.web.bind.MethodArgumentNotValidException: Validation failed for argument [0] in public org.springframework.http.ResponseEntity<?> com.caloriecounter.controller.UserController.registerUser(com.caloriecounter.dto.UserRegistrationDto) with 8 errors: [Field error in object 'userRegistrationDto' on field 'email': rejected value [invalid-email]; codes [Email.userRegistrationDto.email,Email.email,Email.java.lang.String,Email]; arguments [org.springframework.context.support.DefaultMessageSourceResolvable: codes [userRegistrationDto.email,email]; arguments []; default message [email],[Ljakarta.validation.constraints.Pattern$Flag;@29519337,.*]; default message [Email should be valid]] [Field error in object 'userRegistrationDto' on field 'age': rejected value [5]; codes [Min.userRegistrationDto.age,Min.age,Min.java.lang.Integer,Min]; arguments [org.springframework.context.support.DefaultMessageSourceResolvable: codes [userRegistrationDto.age,age]; arguments []; default message [age],10]; default message [Age must be at least 10]] [Field error in object 'userRegistrationDto' on field 'gender': rejected value [null]; codes [NotNull.userRegistrationDto.gender,NotNull.gender,NotNull.com.caloriecounter.model.Gender,NotNull]; arguments [org.springframework.context.support.DefaultMessageSourceResolvable: codes [userRegistrationDto.gender,gender]; arguments []; default message [gender]]; default message [Gender is required]] [Field error in object 'userRegistrationDto' on field 'geminiApiKey': rejected value [null]; codes [NotBlank.userRegistrationDto.geminiApiKey,NotBlank.geminiApiKey,NotBlank.java.lang.String,NotBlank]; arguments [org.springframework.context.support.DefaultMessageSourceResolvable: codes [userRegistrationDto.geminiApiKey,geminiApiKey]; arguments []; default message [geminiApiKey]]; default message [Gemini API key is required]] [Field error in object 'userRegistrationDto' on field 'weight': rejected value [-10.0]; codes [DecimalMin.userRegistrationDto.weight,DecimalMin.weight,DecimalMin.java.lang.Double,DecimalMin]; arguments [org.springframework.context.support.DefaultMessageSourceResolvable: codes [userRegistrationDto.weight,weight]; arguments []; default message [weight],true,20.0]; default message [Weight must be at least 20 kg]] [Field error in object 'userRegistrationDto' on field 'name': rejected value []; codes [NotBlank.userRegistrationDto.name,NotBlank.name,NotBlank.java.lang.String,NotBlank]; arguments [org.springframework.context.support.DefaultMessageSourceResolvable: codes [userRegistrationDto.name,name]; arguments []; default message [name]]; default message [Name is required]] [Field error in object 'userRegistrationDto' on field 'activityLevel': rejected value [null]; codes [NotNull.userRegistrationDto.activityLevel,NotNull.activityLevel,NotNull.com.caloriecounter.model.ActivityLevel,NotNull]; arguments [org.springframework.context.support.DefaultMessageSourceResolvable: codes [userRegistrationDto.activityLevel,activityLevel]; arguments []; default message [activityLevel]]; default message [Activity level is required]] [Field error in object 'userRegistrationDto' on field 'height': rejected value [null]; codes [NotNull.userRegistrationDto.height,NotNull.height,NotNull.java.lang.Double,NotNull]; arguments [org.springframework.context.support.DefaultMessageSourceResolvable: codes [userRegistrationDto.height,height]; arguments []; default message [height]]; default message [Height is required]] ]
]]></system-out>
  </testcase>
  <testcase name="testRegisterUser_EmailAlreadyExists" classname="com.caloriecounter.controller.UserControllerTest" time="0.01">
    <system-out><![CDATA[2025-09-15T18:04:17.276+05:30 DEBUG 51307 --- [           main] s.w.s.m.m.a.RequestMappingHandlerMapping : Mapped to com.caloriecounter.controller.UserController#registerUser(UserRegistrationDto)
2025-09-15T18:04:17.277+05:30 DEBUG 51307 --- [           main] m.m.a.RequestResponseBodyMethodProcessor : Read "application/json;charset=UTF-8" to [com.caloriecounter.dto.UserRegistrationDto@164dea80]
2025-09-15T18:04:17.279+05:30 DEBUG 51307 --- [           main] o.s.w.s.m.m.a.HttpEntityMethodProcessor  : Using 'application/json', given [*/*] and supported [application/json, application/*+json]
2025-09-15T18:04:17.279+05:30 DEBUG 51307 --- [           main] o.s.w.s.m.m.a.HttpEntityMethodProcessor  : Writing [com.caloriecounter.controller.UserController$ErrorResponse@338a4c61]
]]></system-out>
  </testcase>
</testsuite>